# JRE version: OpenJDK Runtime Environment (17.0.11) (build 17.0.11+0-17.0.11b1207.24-11852314)
# Java VM: OpenJDK 64-Bit Server VM (17.0.11+0-17.0.11b1207.24-11852314, mixed mode, tiered, compressed oops, compressed class ptrs, g1 gc, linux-amd64)
GC Precious Log:
 CPUs: 6 total, 6 available
 Memory: 7848M
 Large Page Support: Disabled
 NUMA Support: Disabled
 Compressed Oops: Enabled (32-bit)
 Heap Region Size: 1M
 Heap Min Capacity: 8M
 Heap Initial Capacity: 124M
 Heap Max Capacity: 2G
 Pre-touch: Disabled
 Parallel Workers: 6
 Concurrent Workers: 2
 Concurrent Refinement Workers: 6
 Periodic GC: Disabled
Heap:
 garbage-first heap   total 375808K, used 234413K [0x0000000080000000, 0x0000000100000000)
  region size 1024K, 36 young (36864K), 7 survivors (7168K)
 Metaspace       used 179955K, committed 180928K, reserved 1245184K
  class space    used 23462K, committed 23936K, reserved 1048576K
GC Heap History (20 events):
Event: 15.602 GC heap before
{Heap before GC invocations=46 (full 0):
 garbage-first heap   total 375808K, used 288918K [0x0000000080000000, 0x0000000100000000)
  region size 1024K, 156 young (159744K), 9 survivors (9216K)
 Metaspace       used 140678K, committed 141568K, reserved 1179648K
  class space    used 18208K, committed 18624K, reserved 1048576K
}
Event: 15.613 GC heap after
{Heap after GC invocations=47 (full 0):
 garbage-first heap   total 375808K, used 139512K [0x0000000080000000, 0x0000000100000000)
  region size 1024K, 10 young (10240K), 10 survivors (10240K)
 Metaspace       used 140678K, committed 141568K, reserved 1179648K
  class space    used 18208K, committed 18624K, reserved 1048576K
}
Event: 17.347 GC heap before
{Heap before GC invocations=47 (full 0):
 garbage-first heap   total 375808K, used 317688K [0x0000000080000000, 0x0000000100000000)
  region size 1024K, 167 young (171008K), 10 survivors (10240K)
 Metaspace       used 156014K, committed 156928K, reserved 1245184K
  class space    used 20465K, committed 20864K, reserved 1048576K
}
Event: 17.375 GC heap after
{Heap after GC invocations=48 (full 0):
 garbage-first heap   total 375808K, used 157193K [0x0000000080000000, 0x0000000100000000)
  region size 1024K, 20 young (20480K), 20 survivors (20480K)
 Metaspace       used 156014K, committed 156928K, reserved 1245184K
  class space    used 20465K, committed 20864K, reserved 1048576K
}
Event: 18.705 GC heap before
{Heap before GC invocations=48 (full 0):
 garbage-first heap   total 375808K, used 303625K [0x0000000080000000, 0x0000000100000000)
  region size 1024K, 162 young (165888K), 20 survivors (20480K)
 Metaspace       used 165526K, committed 166400K, reserved 1245184K
  class space    used 21894K, committed 22336K, reserved 1048576K
}
Event: 18.731 GC heap after
{Heap after GC invocations=49 (full 0):
 garbage-first heap   total 375808K, used 164332K [0x0000000080000000, 0x0000000100000000)
  region size 1024K, 16 young (16384K), 16 survivors (16384K)
 Metaspace       used 165526K, committed 166400K, reserved 1245184K
  class space    used 21894K, committed 22336K, reserved 1048576K
}
Event: 19.207 GC heap before
{Heap before GC invocations=49 (full 0):
 garbage-first heap   total 375808K, used 309740K [0x0000000080000000, 0x0000000100000000)
  region size 1024K, 156 young (159744K), 16 survivors (16384K)
 Metaspace       used 166030K, committed 167040K, reserved 1245184K
  class space    used 21923K, committed 22400K, reserved 1048576K
}
Event: 19.221 GC heap after
{Heap after GC invocations=50 (full 0):
 garbage-first heap   total 375808K, used 166563K [0x0000000080000000, 0x0000000100000000)
  region size 1024K, 7 young (7168K), 7 survivors (7168K)
 Metaspace       used 166030K, committed 167040K, reserved 1245184K
  class space    used 21923K, committed 22400K, reserved 1048576K
}
Event: 19.723 GC heap before
{Heap before GC invocations=50 (full 0):
 garbage-first heap   total 375808K, used 311971K [0x0000000080000000, 0x0000000100000000)
  region size 1024K, 149 young (152576K), 7 survivors (7168K)
 Metaspace       used 166043K, committed 167040K, reserved 1245184K
  class space    used 21923K, committed 22400K, reserved 1048576K
}
Event: 19.736 GC heap after
{Heap after GC invocations=51 (full 0):
 garbage-first heap   total 375808K, used 166563K [0x0000000080000000, 0x0000000100000000)
  region size 1024K, 7 young (7168K), 7 survivors (7168K)
 Metaspace       used 166043K, committed 167040K, reserved 1245184K
  class space    used 21923K, committed 22400K, reserved 1048576K
}
Event: 20.527 GC heap before
{Heap before GC invocations=51 (full 0):
 garbage-first heap   total 375808K, used 321187K [0x0000000080000000, 0x0000000100000000)
  region size 1024K, 154 young (157696K), 7 survivors (7168K)
 Metaspace       used 169805K, committed 170816K, reserved 1245184K
  class space    used 22243K, committed 22720K, reserved 1048576K
}
Event: 20.537 GC heap after
{Heap after GC invocations=52 (full 0):
 garbage-first heap   total 375808K, used 163345K [0x0000000080000000, 0x0000000100000000)
  region size 1024K, 6 young (6144K), 6 survivors (6144K)
 Metaspace       used 169805K, committed 170816K, reserved 1245184K
  class space    used 22243K, committed 22720K, reserved 1048576K
}
Event: 21.393 GC heap before
{Heap before GC invocations=52 (full 0):
 garbage-first heap   total 375808K, used 318993K [0x0000000080000000, 0x0000000100000000)
  region size 1024K, 158 young (161792K), 6 survivors (6144K)
 Metaspace       used 170860K, committed 171776K, reserved 1245184K
  class space    used 22348K, committed 22784K, reserved 1048576K
}
Event: 21.402 GC heap after
{Heap after GC invocations=53 (full 0):
 garbage-first heap   total 375808K, used 166474K [0x0000000080000000, 0x0000000100000000)
  region size 1024K, 9 young (9216K), 9 survivors (9216K)
 Metaspace       used 170860K, committed 171776K, reserved 1245184K
  class space    used 22348K, committed 22784K, reserved 1048576K
}
Event: 75.405 GC heap before
{Heap before GC invocations=53 (full 0):
 garbage-first heap   total 375808K, used 325194K [0x0000000080000000, 0x0000000100000000)
  region size 1024K, 160 young (163840K), 9 survivors (9216K)
 Metaspace       used 179939K, committed 180928K, reserved 1245184K
  class space    used 23461K, committed 23936K, reserved 1048576K
}
Event: 75.453 GC heap after
{Heap after GC invocations=54 (full 0):
 garbage-first heap   total 375808K, used 186832K [0x0000000080000000, 0x0000000100000000)
  region size 1024K, 20 young (20480K), 20 survivors (20480K)
 Metaspace       used 179939K, committed 180928K, reserved 1245184K
  class space    used 23461K, committed 23936K, reserved 1048576K
}
Event: 76.102 GC heap before
{Heap before GC invocations=54 (full 0):
 garbage-first heap   total 375808K, used 308688K [0x0000000080000000, 0x0000000100000000)
  region size 1024K, 140 young (143360K), 20 survivors (20480K)
 Metaspace       used 179955K, committed 180928K, reserved 1245184K
  class space    used 23462K, committed 23936K, reserved 1048576K
}
Event: 76.144 GC heap after
{Heap after GC invocations=55 (full 0):
 garbage-first heap   total 375808K, used 197974K [0x0000000080000000, 0x0000000100000000)
  region size 1024K, 15 young (15360K), 15 survivors (15360K)
 Metaspace       used 179955K, committed 180928K, reserved 1245184K
  class space    used 23462K, committed 23936K, reserved 1048576K
}
Event: 76.908 GC heap before
{Heap before GC invocations=55 (full 0):
 garbage-first heap   total 375808K, used 308566K [0x0000000080000000, 0x0000000100000000)
  region size 1024K, 123 young (125952K), 15 survivors (15360K)
 Metaspace       used 179955K, committed 180928K, reserved 1245184K
  class space    used 23462K, committed 23936K, reserved 1048576K
}
Event: 76.937 GC heap after
{Heap after GC invocations=56 (full 0):
 garbage-first heap   total 375808K, used 205741K [0x0000000080000000, 0x0000000100000000)
  region size 1024K, 7 young (7168K), 7 survivors (7168K)
 Metaspace       used 179955K, committed 180928K, reserved 1245184K
  class space    used 23462K, committed 23936K, reserved 1048576K
}

